1604837305112	geckodriver	INFO	Listening on 127.0.0.1:52480
1604837308550	mozrunner::runner	INFO	Running command: "C:\\Program Files\\Mozilla Firefox\\firefox.exe" "--marionette" "-foreground" "-no-remote" "-profile" "C:\\Users\\jonas\\AppData\\Local\\Temp\\rust_mozprofilehJfJHg"
JavaScript error: resource://gre/modules/XULStore.jsm, line 66: Error: Can't find profile directory.
console.warn: SearchSettings: "get: No settings file exists, new profile?" (new Error("", "(unknown module)"))
1604837310489	Marionette	INFO	Listening on port 52491
1604837310624	Marionette	WARN	TLS certificate errors will be ignored for this session
1604837332388	Marionette	INFO	Stopped listening on port 52491

###!!! [Child][RunMessage] Error: Channel closing: too late to send/recv, messages will be lost


###!!! [Child][MessageChannel::SendAndWait] Error: Channel error: cannot send/recv

1604845899811	geckodriver	INFO	Listening on 127.0.0.1:56250
1604845903291	mozrunner::runner	INFO	Running command: "C:\\Program Files\\Mozilla Firefox\\firefox.exe" "--marionette" "-foreground" "-no-remote" "-profile" "C:\\Users\\jonas\\AppData\\Local\\Temp\\rust_mozprofilehQ8Gbl"
JavaScript error: resource://gre/modules/XULStore.jsm, line 66: Error: Can't find profile directory.
console.warn: SearchSettings: "get: No settings file exists, new profile?" (new Error("", "(unknown module)"))
1604845905132	Marionette	INFO	Listening on port 56261
1604845905372	Marionette	WARN	TLS certificate errors will be ignored for this session
1604845919128	Marionette	INFO	Stopped listening on port 56261

###!!! [Child][RunMessage] Error: Channel closing: too late to send/recv, messages will be lost


###!!! [Child][MessageChannel::SendAndWait] Error: Channel error: cannot send/recv

1604846002160	geckodriver	INFO	Listening on 127.0.0.1:56316
1604846005662	mozrunner::runner	INFO	Running command: "C:\\Program Files\\Mozilla Firefox\\firefox.exe" "--marionette" "-foreground" "-no-remote" "-profile" "C:\\Users\\jonas\\AppData\\Local\\Temp\\rust_mozprofileXUyLyv"
JavaScript error: resource://gre/modules/XULStore.jsm, line 66: Error: Can't find profile directory.
console.warn: SearchSettings: "get: No settings file exists, new profile?" (new Error("", "(unknown module)"))
1604846007297	Marionette	INFO	Listening on port 56324
1604846007763	Marionette	WARN	TLS certificate errors will be ignored for this session
1604846021994	Marionette	INFO	Stopped listening on port 56324

###!!! [Child][RunMessage] Error: Channel closing: too late to send/recv, messages will be lost


###!!! [Child][MessageChannel::SendAndWait] Error: Channel error: cannot send/recv

1604846026719	geckodriver	INFO	Listening on 127.0.0.1:56386
1604846030083	mozrunner::runner	INFO	Running command: "C:\\Program Files\\Mozilla Firefox\\firefox.exe" "--marionette" "-foreground" "-no-remote" "-profile" "C:\\Users\\jonas\\AppData\\Local\\Temp\\rust_mozprofileAJn817"
JavaScript error: resource://gre/modules/XULStore.jsm, line 66: Error: Can't find profile directory.
console.warn: SearchSettings: "get: No settings file exists, new profile?" (new Error("", "(unknown module)"))
1604846031712	Marionette	INFO	Listening on port 56394
1604846032194	Marionette	WARN	TLS certificate errors will be ignored for this session
1604846044193	Marionette	INFO	Stopped listening on port 56394

###!!! [Child][RunMessage] Error: Channel closing: too late to send/recv, messages will be lost


###!!! [Child][MessageChannel::SendAndWait] Error: Channel error: cannot send/recv

1604846144959	geckodriver	INFO	Listening on 127.0.0.1:56474
1604846148390	mozrunner::runner	INFO	Running command: "C:\\Program Files\\Mozilla Firefox\\firefox.exe" "--marionette" "-foreground" "-no-remote" "-profile" "C:\\Users\\jonas\\AppData\\Local\\Temp\\rust_mozprofilet2kORb"
JavaScript error: resource://gre/modules/XULStore.jsm, line 66: Error: Can't find profile directory.
console.warn: SearchSettings: "get: No settings file exists, new profile?" (new Error("", "(unknown module)"))
1604846150114	Marionette	INFO	Listening on port 56482
1604846150447	Marionette	WARN	TLS certificate errors will be ignored for this session
1604846160391	Marionette	INFO	Stopped listening on port 56482

###!!! [Child][RunMessage] Error: Channel closing: too late to send/recv, messages will be lost


###!!! [Child][MessageChannel::SendAndWait] Error: Channel error: cannot send/recv

1604846170203	geckodriver	INFO	Listening on 127.0.0.1:56553
1604846173561	mozrunner::runner	INFO	Running command: "C:\\Program Files\\Mozilla Firefox\\firefox.exe" "--marionette" "-foreground" "-no-remote" "-profile" "C:\\Users\\jonas\\AppData\\Local\\Temp\\rust_mozprofilesRgvGZ"
JavaScript error: resource://gre/modules/XULStore.jsm, line 66: Error: Can't find profile directory.
console.warn: SearchSettings: "get: No settings file exists, new profile?" (new Error("", "(unknown module)"))
1604846175232	Marionette	INFO	Listening on port 56561
1604846175629	Marionette	WARN	TLS certificate errors will be ignored for this session
1604846181196	Marionette	INFO	Stopped listening on port 56561

###!!! [Child][MessageChannel::SendAndWait] Error: Channel error: cannot send/recv

1604846227799	geckodriver	INFO	Listening on 127.0.0.1:56628
1604846231218	mozrunner::runner	INFO	Running command: "C:\\Program Files\\Mozilla Firefox\\firefox.exe" "--marionette" "-foreground" "-no-remote" "-profile" "C:\\Users\\jonas\\AppData\\Local\\Temp\\rust_mozprofile2QBXbU"
JavaScript error: resource://gre/modules/XULStore.jsm, line 66: Error: Can't find profile directory.
console.warn: SearchSettings: "get: No settings file exists, new profile?" (new Error("", "(unknown module)"))
1604846232865	Marionette	INFO	Listening on port 56637
1604846233306	Marionette	WARN	TLS certificate errors will be ignored for this session
Can't find symbol 'eglSwapBuffersWithDamageEXT'.
1604846240715	Marionette	INFO	Stopped listening on port 56637

###!!! [Child][RunMessage] Error: Channel closing: too late to send/recv, messages will be lost


###!!! [Child][MessageChannel::SendAndWait] Error: Channel error: cannot send/recv

1604846684669	geckodriver	INFO	Listening on 127.0.0.1:56751
1604846688223	mozrunner::runner	INFO	Running command: "C:\\Program Files\\Mozilla Firefox\\firefox.exe" "--marionette" "-foreground" "-no-remote" "-profile" "C:\\Users\\jonas\\AppData\\Local\\Temp\\rust_mozprofile2Wh8ji"
JavaScript error: resource://gre/modules/XULStore.jsm, line 66: Error: Can't find profile directory.
console.warn: SearchSettings: "get: No settings file exists, new profile?" (new Error("", "(unknown module)"))
1604846689807	Marionette	INFO	Listening on port 56759
1604846690308	Marionette	WARN	TLS certificate errors will be ignored for this session
Can't find symbol 'eglSwapBuffersWithDamageEXT'.
1604849955279	Marionette	INFO	Stopped listening on port 56759

###!!! [Child][RunMessage] Error: Channel closing: too late to send/recv, messages will be lost


###!!! [Child][MessageChannel::SendAndWait] Error: Channel error: cannot send/recv

Temp\\rust_mozprofileAz1AWP"
JavaScript error: resource://gre/modules/XULStore.jsm, line 66: Error: Can't find profile directory.
console.warn: SearchSettings: "get: No settings file exists, new profile?" (new Error("", "(unknown module)"))
1604846741984	Marionette	INFO	Listening on port 56839
1604846742400	Marionette	WARN	TLS certificate errors will be ignored for this session
1604846746390	Marionette	INFO	Stopped listening on port 56839
JavaScript error: , line 0: uncaught exception: undefined
[Child 33208, Chrome_ChildThread] WARNING: pipe error: 232: file /builds/worker/checkouts/gecko/ipc/chromium/src/chrome/common/ipc_channel_win.cc, line 545

###!!! [Child][RunMessage] Error: Channel closing: too late to send/recv, messages will be lost


###!!! [Child][MessageChannel::SendAndWait] Error: Channel error: cannot send/recv

1604905191525	geckodriver	INFO	Listening on 127.0.0.1:51648
1604905194909	mozrunner::runner	INFO	Running command: "C:\\Program Files\\Mozilla Firefox\\firefox.exe" "--marionette" "-foreground" "-no-remote" "-profile" "C:\\Users\\jonas\\AppData\\Local\\Temp\\rust_mozprofile5ep9TA"
JavaScript error: resource://gre/modules/XULStore.jsm, line 66: Error: Can't find profile directory.
console.warn: SearchSettings: "get: No settings file exists, new profile?" (new Error("", "(unknown module)"))
1604905196707	Marionette	INFO	Listening on port 51656
1604905196994	Marionette	WARN	TLS certificate errors will be ignored for this session
1604905201103	Marionette	INFO	Stopped listening on port 51656
JavaScript error: , line 0: uncaught exception: undefined

###!!! [Child][MessageChannel::SendAndWait] Error: Channel error: cannot send/recv

1604905206745	geckodriver	INFO	Listening on 127.0.0.1:51717
1604905211306	mozrunner::runner	INFO	Running command: "C:\\Program Files\\Mozilla Firefox\\firefox.exe" "--marionette" "-foreground" "-no-remote" "-profile" "C:\\Users\\jonas\\AppData\\Local\\Temp\\rust_mozprofilemOg1yk"
JavaScript error: resource://gre/modules/XULStore.jsm, line 66: Error: Can't find profile directory.
console.warn: SearchSettings: "get: No settings file exists, new profile?" (new Error("", "(unknown module)"))
1604905213058	Marionette	INFO	Listening on port 51725
1604905213373	Marionette	WARN	TLS certificate errors will be ignored for this session
1604905217580	Marionette	INFO	Stopped listening on port 51725

###!!! [Child][RunMessage] Error: Channel closing: too late to send/recv, messages will be lost


###!!! [Child][MessageChannel::SendAndWait] Error: Channel error: cannot send/recv

1604905226933	geckodriver	INFO	Listening on 127.0.0.1:51785
1604905230356	mozrunner::runner	INFO	Running command: "C:\\Program Files\\Mozilla Firefox\\firefox.exe" "--marionette" "-foreground" "-no-remote" "-profile" "C:\\Users\\jonas\\AppData\\Local\\Temp\\rust_mozprofileZOV4U8"
JavaScript error: resource://gre/modules/XULStore.jsm, line 66: Error: Can't find profile directory.
console.warn: SearchSettings: "get: No settings file exists, new profile?" (new Error("", "(unknown module)"))
1604905232059	Marionette	INFO	Listening on port 51793
1604905232472	Marionette	WARN	TLS certificate errors will be ignored for this session
Can't find symbol 'eglSwapBuffersWithDamageEXT'.
console.warn: "Async method failed in safeAsyncMethod" (new Error("Connection closed, pending request to server0.conn1.child2/domwalker24, type cancelPick failed\n\nRequest stack:\nrequest@resource://devtools/shared/protocol/Front.js:274:14\ngenerateRequestMethods/</frontProto[name]@resource://devtools/shared/protocol/Front/FrontClassWithSpec.js:46:19\ncancelPick@resource://devtools/client/fronts/walker.js:617:18\nexports.safeAsyncMethod/<@resource://devtools/shared/async-utils.js:57:25\n_onInspectorFrontDestroyed@resource://devtools/client/inspector/node-picker.js:112:18\n_emit@resource://devtools/shared/event-emitter.js:226:34\nemit@resource://devtools/shared/event-emitter.js:172:18\nemit@resource://devtools/shared/event-emitter.js:324:18\nunmanage@resource://devtools/shared/protocol/Front.js:154:37\ndestroy@resource://devtools/shared/protocol/Pool.js:167:14\ndestroy@resource://devtools/shared/protocol/Front.js:65:11\ndestroy@resource://devtools/client/fronts/inspector.js:104:11\n_destroyTarget@resource://devtools/client/fronts/targets/target-mixin.js:657:17\n", "resource://devtools/shared/protocol/Front.js", 98))
IPDL protocol error: Handler returned error code!

###!!! [Parent][DispatchAsyncMessage] Error: PLayerTransaction::Msg_ReleaseLayer Processing error: message was deserialized, but the handler returned false (indicating failure)

IPDL protocol error: Handler returned error code!

###!!! [Parent][DispatchAsyncMessage] Error: PLayerTransaction::Msg_ReleaseLayer Processing error: message was deserialized, but the handler returned false (indicating failure)

IPDL protocol error: Handler returned error code!

###!!! [Parent][DispatchAsyncMessage] Error: PLayerTransaction::Msg_ReleaseLayer Processing error: message was deserialized, but the handler returned false (indicating failure)

IPDL protocol error: Handler returned error code!

###!!! [Parent][DispatchAsyncMessage] Error: PLayerTransaction::Msg_ReleaseLayer Processing error: message was deserialized, but the handler returned false (indicating failure)

IPDL protocol error: Handler returned error code!

###!!! [Parent][DispatchAsyncMessage] Error: PLayerTransaction::Msg_ReleaseLayer Processing error: message was deserialized, but the handler returned false (indicating failure)

1604905304511	Marionette	INFO	Stopped listening on port 51793

###!!! [Child][RunMessage] Error: Channel closing: too late to send/recv, messages will be lost


###!!! [Child][MessageChannel::SendAndWait] Error: Channel error: cannot send/recv

1604905453464	geckodriver	INFO	Listening on 127.0.0.1:51888
1604905456853	mozrunner::runner	INFO	Running command: "C:\\Program Files\\Mozilla Firefox\\firefox.exe" "--marionette" "-foreground" "-no-remote" "-profile" "C:\\Users\\jonas\\AppData\\Local\\Temp\\rust_mozprofilezbFB4i"
JavaScript error: resource://gre/modules/XULStore.jsm, line 66: Error: Can't find profile directory.
console.warn: SearchSettings: "get: No settings file exists, new profile?" (new Error("", "(unknown module)"))
1604905458537	Marionette	INFO	Listening on port 51896
1604905458926	Marionette	WARN	TLS certificate errors will be ignored for this session
Can't find symbol 'eglSwapBuffersWithDamageEXT'.
[Parent 41668, Gecko_IOThread] WARNING: file /builds/worker/checkouts/gecko/ipc/chromium/src/base/process_util_win.cc, line 166
1604905480917	Marionette	INFO	Stopped listening on port 51896

###!!! [Child][RunMessage] Error: Channel closing: too late to send/recv, messages will be lost


###!!! [Child][MessageChannel::SendAndWait] Error: Channel error: cannot send/recv

1604905486331	geckodriver	INFO	Listening on 127.0.0.1:51972
1604905489743	mozrunner::runner	INFO	Running command: "C:\\Program Files\\Mozilla Firefox\\firefox.exe" "--marionette" "-foreground" "-no-remote" "-profile" "C:\\Users\\jonas\\AppData\\Local\\Temp\\rust_mozprofileXd9szJ"
JavaScript error: resource://gre/modules/XULStore.jsm, line 66: Error: Can't find profile directory.
console.warn: SearchSettings: "get: No settings file exists, new profile?" (new Error("", "(unknown module)"))
1604905491526	Marionette	INFO	Listening on port 51980
1604905491800	Marionette	WARN	TLS certificate errors will be ignored for this session
Can't find symbol 'eglSwapBuffersWithDamageEXT'.
[Parent 33816, Gecko_IOThread] WARNING: file /builds/worker/checkouts/gecko/ipc/chromium/src/base/process_util_win.cc, line 166
1604905500286	Marionette	INFO	Stopped listening on port 51980

###!!! [Child][RunMessage] Error: Channel closing: too late to send/recv, messages will be lost


###!!! [Child][MessageChannel::SendAndWait] Error: Channel error: cannot send/recv

1604905521095	geckodriver	INFO	Listening on 127.0.0.1:52047
1604905524566	mozrunner::runner	INFO	Running command: "C:\\Program Files\\Mozilla Firefox\\firefox.exe" "--marionette" "-foreground" "-no-remote" "-profile" "C:\\Users\\jonas\\AppData\\Local\\Temp\\rust_mozprofileD4kogX"
JavaScript error: resource://gre/modules/XULStore.jsm, line 66: Error: Can't find profile directory.
console.warn: SearchSettings: "get: No settings file exists, new profile?" (new Error("", "(unknown module)"))
1604905526327	Marionette	INFO	Listening on port 52055
1604905526670	Marionette	WARN	TLS certificate errors will be ignored for this session
Can't find symbol 'eglSwapBuffersWithDamageEXT'.
1604905574527	Marionette	INFO	Stopped listening on port 52055

###!!! [Child][RunMessage] Error: Channel closing: too late to send/recv, messages will be lost


###!!! [Child][MessageChannel::SendAndWait] Error: Channel error: cannot send/recv

Temp\\rust_mozprofile3yFC0x"
JavaScript error: resource://gre/modules/XULStore.jsm, line 66: Error: Can't find profile directory.
console.warn: SearchSettings: "get: No settings file exists, new profile?" (new Error("", "(unknown module)"))
1604905557162	Marionette	INFO	Listening on port 52152
1604905557599	Marionette	WARN	TLS certificate errors will be ignored for this session
1604905573571	Marionette	INFO	Stopped listening on port 52152

###!!! [Child][RunMessage] Error: Channel closing: too late to send/recv, messages will be lost


###!!! [Child][MessageChannel::SendAndWait] Error: Channel error: cannot send/recv

1604905609905	geckodriver	INFO	Listening on 127.0.0.1:52225
1604905613305	mozrunner::runner	INFO	Running command: "C:\\Program Files\\Mozilla Firefox\\firefox.exe" "--marionette" "-foreground" "-no-remote" "-profile" "C:\\Users\\jonas\\AppData\\Local\\Temp\\rust_mozprofileQ994q7"
JavaScript error: resource://gre/modules/XULStore.jsm, line 66: Error: Can't find profile directory.
console.warn: SearchSettings: "get: No settings file exists, new profile?" (new Error("", "(unknown module)"))
1604905615422	Marionette	INFO	Listening on port 52233
1604905615504	Marionette	WARN	TLS certificate errors will be ignored for this session
1604905640981	Marionette	INFO	Stopped listening on port 52233

###!!! [Child][RunMessage] Error: Channel closing: too late to send/recv, messages will be lost


###!!! [Child][MessageChannel::SendAndWait] Error: Channel error: cannot send/recv

1604905656611	geckodriver	INFO	Listening on 127.0.0.1:52295
1604905660051	mozrunner::runner	INFO	Running command: "C:\\Program Files\\Mozilla Firefox\\firefox.exe" "--marionette" "-foreground" "-no-remote" "-profile" "C:\\Users\\jonas\\AppData\\Local\\Temp\\rust_mozprofileLtkWSM"
JavaScript error: resource://gre/modules/XULStore.jsm, line 66: Error: Can't find profile directory.
console.warn: SearchSettings: "get: No settings file exists, new profile?" (new Error("", "(unknown module)"))
1604905661855	Marionette	INFO	Listening on port 52303
1604905662125	Marionette	WARN	TLS certificate errors will be ignored for this session
1604905680509	Marionette	INFO	Stopped listening on port 52303

###!!! [Child][RunMessage] Error: Channel closing: too late to send/recv, messages will be lost


###!!! [Child][MessageChannel::SendAndWait] Error: Channel error: cannot send/recv

1604905694512	geckodriver	INFO	Listening on 127.0.0.1:52370
1604905697866	mozrunner::runner	INFO	Running command: "C:\\Program Files\\Mozilla Firefox\\firefox.exe" "--marionette" "-foreground" "-no-remote" "-profile" "C:\\Users\\jonas\\AppData\\Local\\Temp\\rust_mozprofileHCV7FF"
JavaScript error: resource://gre/modules/XULStore.jsm, line 66: Error: Can't find profile directory.
console.warn: SearchSettings: "get: No settings file exists, new profile?" (new Error("", "(unknown module)"))
1604905699603	Marionette	INFO	Listening on port 52378
1604905699962	Marionette	WARN	TLS certificate errors will be ignored for this session
1604905710951	Marionette	INFO	Stopped listening on port 52378

###!!! [Child][RunMessage] Error: Channel closing: too late to send/recv, messages will be lost


###!!! [Child][MessageChannel::SendAndWait] Error: Channel error: cannot send/recv

1604905721540	geckodriver	INFO	Listening on 127.0.0.1:52452
1604905724933	mozrunner::runner	INFO	Running command: "C:\\Program Files\\Mozilla Firefox\\firefox.exe" "--marionette" "-foreground" "-no-remote" "-profile" "C:\\Users\\jonas\\AppData\\Local\\Temp\\rust_mozprofile1mUMvl"
JavaScript error: resource://gre/modules/XULStore.jsm, line 66: Error: Can't find profile directory.
console.warn: SearchSettings: "get: No settings file exists, new profile?" (new Error("", "(unknown module)"))
1604905726790	Marionette	INFO	Listening on port 52460
1604905727008	Marionette	WARN	TLS certificate errors will be ignored for this session
1604905738100	Marionette	INFO	Stopped listening on port 52460

###!!! [Child][RunMessage] Error: Channel closing: too late to send/recv, messages will be lost


###!!! [Child][MessageChannel::SendAndWait] Error: Channel error: cannot send/recv

1604905862312	geckodriver	INFO	Listening on 127.0.0.1:52596
1604905865763	mozrunner::runner	INFO	Running command: "C:\\Program Files\\Mozilla Firefox\\firefox.exe" "--marionette" "-foreground" "-no-remote" "-profile" "C:\\Users\\jonas\\AppData\\Local\\Temp\\rust_mozprofileRGNIsF"
JavaScript error: resource://gre/modules/XULStore.jsm, line 66: Error: Can't find profile directory.
console.warn: SearchSettings: "get: No settings file exists, new profile?" (new Error("", "(unknown module)"))
1604905867507	Marionette	INFO	Listening on port 52604
1604905867814	Marionette	WARN	TLS certificate errors will be ignored for this session
1604905879177	Marionette	INFO	Stopped listening on port 52604

###!!! [Child][RunMessage] Error: Channel closing: too late to send/recv, messages will be lost


###!!! [Child][MessageChannel::SendAndWait] Error: Channel error: cannot send/recv

1604905971356	geckodriver	INFO	Listening on 127.0.0.1:52679
1604905974760	mozrunner::runner	INFO	Running command: "C:\\Program Files\\Mozilla Firefox\\firefox.exe" "--marionette" "-foreground" "-no-remote" "-profile" "C:\\Users\\jonas\\AppData\\Local\\Temp\\rust_mozprofile4OBBN8"
JavaScript error: resource://gre/modules/XULStore.jsm, line 66: Error: Can't find profile directory.
console.warn: SearchSettings: "get: No settings file exists, new profile?" (new Error("", "(unknown module)"))
1604905976491	Marionette	INFO	Listening on port 52687
1604905976832	Marionette	WARN	TLS certificate errors will be ignored for this session
JavaScript error: resource://gre/modules/UrlClassifierListManager.jsm, line 691: TypeError: this.tablesData[table] is undefined
1604905978168	Marionette	INFO	Stopped listening on port 52687

###!!! [Child][RunMessage] Error: Channel closing: too late to send/recv, messages will be lost


###!!! [Child][MessageChannel::SendAndWait] Error: Channel error: cannot send/recv

1604918499067	geckodriver	INFO	Listening on 127.0.0.1:51927
1604918502251	mozrunner::runner	INFO	Running command: "C:\\Program Files\\Mozilla Firefox\\firefox.exe" "--marionette" "-foreground" "-no-remote" "-profile" "C:\\Users\\jonas\\AppData\\Local\\Temp\\rust_mozprofile388oVH"
JavaScript error: resource://gre/modules/XULStore.jsm, line 66: Error: Can't find profile directory.
console.warn: SearchSettings: "get: No settings file exists, new profile?" (new Error("", "(unknown module)"))
1604918505051	Marionette	INFO	Listening on port 51935
1604918505466	Marionette	WARN	TLS certificate errors will be ignored for this session
JavaScript error: , line 0: uncaught exception: undefined
1604918528557	Marionette	INFO	Stopped listening on port 51935

###!!! [Child][RunMessage] Error: Channel closing: too late to send/recv, messages will be lost


###!!! [Child][MessageChannel::SendAndWait] Error: Channel error: cannot send/recv

